<?xml version="1.0" encoding="UTF-8"?>
<!-- Generated by org.testng.reporters.JUnitReportReporter -->
<testsuite hostname="HP-Laptop" failures="0" tests="2" name="com.demo.ui.Guru99Tests" time="6.136" errors="0" timestamp="2025-09-20T00:17:33 IST" skipped="0">
  <testcase classname="com.demo.ui.Guru99Tests" name="verifyLoginPageTitle" time="3.965"/>
  <testcase classname="com.demo.ui.Guru99Tests" name="loginTest" time="2.171"/>
</testsuite> <!-- com.demo.ui.Guru99Tests -->
